<?xml version="1.0" encoding="UTF-8"?>
<!-- Generated by org.testng.reporters.JUnitReportReporter -->
<testsuite skipped="0" hostname="DESKTOP-5Q9SQBO" name="testScripts.Module1" tests="1" failures="0" timestamp="12 Apr 2019 04:56:46 GMT" time="44.651" errors="0">
  <testcase name="TC101" time="44.651" classname="testScripts.Module1"/>
</testsuite> <!-- testScripts.Module1 -->
